<?xml version="1.0" encoding="UTF-8"?>
<!-- Generated by org.testng.reporters.JUnitReportReporter -->
<testsuite hostname="MAA-5CG12877Q4" failures="0" tests="1" name="shopperstock.logintest.WindowHandles" time="18.955" errors="0" timestamp="2023-12-16T17:37:28 IST" skipped="0">
  <testcase classname="shopperstock.logintest.WindowHandles" name="demoTest" time="18.955"/>
</testsuite> <!-- shopperstock.logintest.WindowHandles -->
